// 同步 ID: 3f1fda0e @ Wed Jun 24 10:44:07 UTC 2026
// 同步 ID: e78c105f @ Thu Jun 25 11:08:32 UTC 2026
// 同步 ID: f8413b17 @ Mon Jun 29 15:04:52 UTC 2026
// 重构日志: 7d7a10ae
// 重构日志: 32ab960e
// 重构日志: be3a1ba1
// 重构日志: ae44d5c0
// 重构日志: 330a65fb
// 同步 ID: a2d8fd5f @ Fri Jul  3 16:07:03 UTC 2026
// 重构日志: 6cd03386
// 重构日志: a0d9b78a
// 重构日志: ddf93f16
// 重构日志: 0ba9a9d8
// 同步 ID: 12f7249d @ Wed Jul  8 16:18:51 UTC 2026
// 同步 ID: e5c6b534 @ Sat Jul 11 10:56:00 UTC 2026
// 重构日志: 47661fb3
// 同步 ID: ee5301d5 @ Sun Jul 12 12:15:43 UTC 2026
// 同步 ID: 1888cd88 @ Tue Jul 14 21:36:43 UTC 2026
// 同步 ID: fcb4e96b @ Thu Jul 16 00:54:56 UTC 2026
// 同步 ID: 24a0e52b @ Thu Jul 16 15:36:06 UTC 2026
// 重构日志: b0b96b33
// 重构日志: 448b4a27
// 同步 ID: 49fc3c2d @ Wed Jul 22 12:21:29 UTC 2026
// 同步 ID: e9e71c3b @ Thu Jul 23 11:14:47 UTC 2026
// 同步 ID: befd2aa0 @ Thu Jul 23 12:46:16 UTC 2026
